/share/u/caden/.conda/envs/interp/lib/python3.11/site-packages/bitsandbytes/nn/modules.py:226: UserWarning: Input type into Linear4bit is torch.float16, but bnb_4bit_compute_dtype=torch.float32 (default). This will lead to slow inference or training speed.
  warnings.warn(f'Input type into Linear4bit is torch.float16, but bnb_4bit_compute_dtype=torch.float32 (default). This will lead to slow inference or training speed.')
[The news report will certainly mark the beginning of a new era.]
[During the ceremony, the mayor will mark the importance of community service.]
[To celebrate his victory, the team manager will mark the scoreboard with a 'W']</s>
[
tensor([61.1269], device='cuda:0')
T
tensor([59.3172], device='cuda:0')
h
tensor([57.5242], device='cuda:0')
e
tensor([58.9335], device='cuda:0')
 
tensor([56.7816], device='cuda:0')
n
tensor([59.6678], device='cuda:0')
e
tensor([58.9335], device='cuda:0')
w
tensor([57.8923], device='cuda:0')
s
tensor([59.3590], device='cuda:0')
 
tensor([56.7816], device='cuda:0')
r
tensor([60.7439], device='cuda:0')
e
tensor([58.9335], device='cuda:0')
p
tensor([58.2695], device='cuda:0')
o
tensor([57.0271], device='cuda:0')
r
tensor([60.7439], device='cuda:0')
t
tensor([60.4359], device='cuda:0')
 
tensor([56.7816], device='cuda:0')
w
tensor([57.8923], device='cuda:0')
i
tensor([59.3859], device='cuda:0')
l
tensor([59.4511], device='cuda:0')
l
tensor([59.4511], device='cuda:0')
 
tensor([56.7816], device='cuda:0')
c
tensor([59.6327], device='cuda:0')
e
tensor([58.9335], device='cuda:0')
r
tensor([60.7439], device='cuda:0')
t
tensor([60.4359], device='cuda:0')
a
tensor([61.7882], device='cuda:0')
i
tensor([59.3859], device='cuda:0')
n
tensor([59.6678], device='cuda:0')
l
tensor([59.4511], device='cuda:0')
y
tensor([58.6946], device='cuda:0')
 
tensor([56.7816], device='cuda:0')
m
tensor([59.4272], device='cuda:0')
a
tensor([61.7882], device='cuda:0')
r
tensor([60.7439], device='cuda:0')
k
tensor([57.6223], device='cuda:0')
 
tensor([56.7816], device='cuda:0')
t
tensor([60.4359], device='cuda:0')
h
tensor([57.5242], device='cuda:0')
e
tensor([58.9335], device='cuda:0')
 
tensor([56.7816], device='cuda:0')
b
tensor([59.5369], device='cuda:0')
e
tensor([58.9335], device='cuda:0')
g
tensor([58.2305], device='cuda:0')
i
tensor([59.3859], device='cuda:0')
n
tensor([59.6678], device='cuda:0')
n
tensor([59.6678], device='cuda:0')
i
tensor([59.3859], device='cuda:0')
n
tensor([59.6678], device='cuda:0')
g
tensor([58.2305], device='cuda:0')
 
tensor([56.7816], device='cuda:0')
o
tensor([57.0271], device='cuda:0')
f
tensor([59.8554], device='cuda:0')
 
tensor([56.7816], device='cuda:0')
a
tensor([61.7882], device='cuda:0')
 
tensor([56.7816], device='cuda:0')
n
tensor([59.6678], device='cuda:0')
e
tensor([58.9335], device='cuda:0')
w
tensor([57.8923], device='cuda:0')
 
tensor([56.7816], device='cuda:0')
e
tensor([58.9335], device='cuda:0')
r
tensor([60.7439], device='cuda:0')
a
tensor([61.7882], device='cuda:0')
.
tensor([58.1910], device='cuda:0')
]
tensor([60.4013], device='cuda:0')


tensor([59.1536], device='cuda:0')
[
tensor([61.1269], device='cuda:0')
D
tensor([59.9173], device='cuda:0')
u
tensor([59.6847], device='cuda:0')
r
tensor([60.7439], device='cuda:0')
i
tensor([59.3859], device='cuda:0')
n
tensor([59.6678], device='cuda:0')
g
tensor([58.2305], device='cuda:0')
 
tensor([56.7816], device='cuda:0')
t
tensor([60.4359], device='cuda:0')
h
tensor([57.5242], device='cuda:0')
e
tensor([58.9335], device='cuda:0')
 
tensor([56.7816], device='cuda:0')
c
tensor([59.6327], device='cuda:0')
e
tensor([58.9335], device='cuda:0')
r
tensor([60.7439], device='cuda:0')
e
tensor([58.9335], device='cuda:0')
m
tensor([59.4272], device='cuda:0')
o
tensor([57.0271], device='cuda:0')
n
Exception ignored in: <finalize object at 0x7f0d0a0f41a0; dead>
Traceback (most recent call last):
  File "/share/u/caden/.conda/envs/interp/lib/python3.11/weakref.py", line 585, in __call__
    def __call__(self, _=None):

KeyboardInterrupt: 
tensor([59.6678], device='cuda:0')
y
tensor([58.6946], device='cuda:0')
,
tensor([60.4626], device='cuda:0')
 
tensor([56.7816], device='cuda:0')
t
tensor([60.4359], device='cuda:0')
h
tensor([57.5242], device='cuda:0')
e
tensor([58.9335], device='cuda:0')
 
tensor([56.7816], device='cuda:0')
m
tensor([59.4272], device='cuda:0')
a
tensor([61.7882], device='cuda:0')
y
tensor([58.6946], device='cuda:0')
o
tensor([57.0271], device='cuda:0')
r
tensor([60.7439], device='cuda:0')
 
tensor([56.7816], device='cuda:0')
w
tensor([57.8923], device='cuda:0')
i
tensor([59.3859], device='cuda:0')
l
tensor([59.4511], device='cuda:0')
l
tensor([59.4511], device='cuda:0')
 
tensor([56.7816], device='cuda:0')
m
tensor([59.4272], device='cuda:0')
a
tensor([61.7882], device='cuda:0')
r
tensor([60.7439], device='cuda:0')
k
tensor([57.6223], device='cuda:0')
 
tensor([56.7816], device='cuda:0')
t
tensor([60.4359], device='cuda:0')
h
tensor([57.5242], device='cuda:0')
e
tensor([58.9335], device='cuda:0')
 
tensor([56.7816], device='cuda:0')
i
tensor([59.3859], device='cuda:0')
m
tensor([59.4272], device='cuda:0')
p
tensor([58.2695], device='cuda:0')
o
tensor([57.0271], device='cuda:0')
r
tensor([60.7439], device='cuda:0')
t
tensor([60.4359], device='cuda:0')
a
tensor([61.7882], device='cuda:0')
n
tensor([59.6678], device='cuda:0')
c
tensor([59.6327], device='cuda:0')
e
tensor([58.9335], device='cuda:0')
 
tensor([56.7816], device='cuda:0')
o
tensor([57.0271], device='cuda:0')
f
tensor([59.8554], device='cuda:0')
 
tensor([56.7816], device='cuda:0')
c
tensor([59.6327], device='cuda:0')
o
tensor([57.0271], device='cuda:0')
m
tensor([59.4272], device='cuda:0')
m
tensor([59.4272], device='cuda:0')
u
tensor([59.6847], device='cuda:0')
n
tensor([59.6678], device='cuda:0')
i
tensor([59.3859], device='cuda:0')
t
tensor([60.4359], device='cuda:0')
y
tensor([58.6946], device='cuda:0')
 
tensor([56.7816], device='cuda:0')
s
tensor([59.3590], device='cuda:0')
e
tensor([58.9335], device='cuda:0')
r
tensor([60.7439], device='cuda:0')
v
tensor([60.2054], device='cuda:0')
i
tensor([59.3859], device='cuda:0')
c
tensor([59.6327], device='cuda:0')
e
tensor([58.9335], device='cuda:0')
.
tensor([58.1910], device='cuda:0')
]
tensor([60.4013], device='cuda:0')


tensor([59.1536], device='cuda:0')
[
tensor([61.1269], device='cuda:0')
T
tensor([59.3172], device='cuda:0')
o
tensor([57.0271], device='cuda:0')
 
tensor([56.7816], device='cuda:0')
c
tensor([59.6327], device='cuda:0')
e
tensor([58.9335], device='cuda:0')
l
tensor([59.4511], device='cuda:0')
e
tensor([58.9335], device='cuda:0')
b
tensor([59.5369], device='cuda:0')
r
tensor([60.7439], device='cuda:0')
a
tensor([61.7882], device='cuda:0')
t
tensor([60.4359], device='cuda:0')
e
tensor([58.9335], device='cuda:0')
 
tensor([56.7816], device='cuda:0')
h
tensor([57.5242], device='cuda:0')
i
tensor([59.3859], device='cuda:0')
s
tensor([59.3590], device='cuda:0')
 
tensor([56.7816], device='cuda:0')
v
tensor([60.2054], device='cuda:0')
i
tensor([59.3859], device='cuda:0')
c
tensor([59.6327], device='cuda:0')
t
tensor([60.4359], device='cuda:0')
o
tensor([57.0271], device='cuda:0')
r
tensor([60.7439], device='cuda:0')
y
tensor([58.6946], device='cuda:0')
,
tensor([60.4626], device='cuda:0')
 
tensor([56.7816], device='cuda:0')
t
tensor([60.4359], device='cuda:0')
h
tensor([57.5242], device='cuda:0')
e
tensor([58.9335], device='cuda:0')
 
tensor([56.7816], device='cuda:0')
t
tensor([60.4359], device='cuda:0')
e
tensor([58.9335], device='cuda:0')
a
tensor([61.7882], device='cuda:0')
m
tensor([59.4272], device='cuda:0')
 
tensor([56.7816], device='cuda:0')
m
tensor([59.4272], device='cuda:0')
a
tensor([61.7882], device='cuda:0')
n
tensor([59.6678], device='cuda:0')
a
tensor([61.7882], device='cuda:0')
g
tensor([58.2305], device='cuda:0')
e
tensor([58.9335], device='cuda:0')
r
tensor([60.7439], device='cuda:0')
 
tensor([56.7816], device='cuda:0')
w
tensor([57.8923], device='cuda:0')
i
tensor([59.3859], device='cuda:0')
l
tensor([59.4511], device='cuda:0')
l
tensor([59.4511], device='cuda:0')
 
tensor([56.7816], device='cuda:0')
m
tensor([59.4272], device='cuda:0')
a
tensor([61.7882], device='cuda:0')
r
tensor([60.7439], device='cuda:0')
k
tensor([57.6223], device='cuda:0')
 
tensor([56.7816], device='cuda:0')
t
tensor([60.4359], device='cuda:0')
h
tensor([57.5242], device='cuda:0')
e
tensor([58.9335], device='cuda:0')
 
tensor([56.7816], device='cuda:0')
s
tensor([59.3590], device='cuda:0')
c
tensor([59.6327], device='cuda:0')
o
tensor([57.0271], device='cuda:0')
r
tensor([60.7439], device='cuda:0')
e
tensor([58.9335], device='cuda:0')
b
tensor([59.5369], device='cuda:0')
o
tensor([57.0271], device='cuda:0')
a
tensor([61.7882], device='cuda:0')
r
tensor([60.7439], device='cuda:0')
d
tensor([60.8675], device='cuda:0')
 
tensor([56.7816], device='cuda:0')
w
tensor([57.8923], device='cuda:0')
i
tensor([59.3859], device='cuda:0')
t
tensor([60.4359], device='cuda:0')
h
tensor([57.5242], device='cuda:0')
 
tensor([56.7816], device='cuda:0')
a
tensor([61.7882], device='cuda:0')
 
tensor([56.7816], device='cuda:0')
'
tensor([59.1492], device='cuda:0')
W
tensor([57.4469], device='cuda:0')
'
tensor([59.1492], device='cuda:0')
]
tensor([60.4013], device='cuda:0')
<
tensor([61.3538], device='cuda:0')
/
tensor([60.0216], device='cuda:0')
s
tensor([59.3590], device='cuda:0')
>
tensor([58.0538], device='cuda:0')
